2024/09/03 19:25:07 [notice] 1#1: using the "epoll" event method
2024/09/03 19:25:07 [notice] 1#1: nginx/1.25.5
2024/09/03 19:25:07 [notice] 1#1: built by gcc 12.2.0 (Debian 12.2.0-14) 
2024/09/03 19:25:07 [notice] 1#1: OS: Linux 5.15.0-106-generic
2024/09/03 19:25:07 [notice] 1#1: getrlimit(RLIMIT_NOFILE): 1048576:1048576
2024/09/03 19:25:07 [notice] 1#1: start worker processes
2024/09/03 19:25:07 [notice] 1#1: start worker process 30
2024/09/03 19:25:07 [notice] 1#1: start worker process 31
2024/09/03 19:25:07 [notice] 1#1: start worker process 32
2024/09/03 19:25:07 [notice] 1#1: start worker process 33
2024/09/03 19:40:57 [notice] 1#1: signal 3 (SIGQUIT) received, shutting down
2024/09/03 19:40:57 [notice] 30#30: gracefully shutting down
2024/09/03 19:40:57 [notice] 32#32: gracefully shutting down
2024/09/03 19:40:57 [notice] 30#30: exiting
2024/09/03 19:40:57 [notice] 32#32: exiting
2024/09/03 19:40:57 [notice] 30#30: exit
2024/09/03 19:40:57 [notice] 32#32: exit
2024/09/03 19:40:57 [notice] 31#31: gracefully shutting down
2024/09/03 19:40:57 [notice] 33#33: gracefully shutting down
2024/09/03 19:40:57 [notice] 31#31: exiting
2024/09/03 19:40:57 [notice] 33#33: exiting
2024/09/03 19:40:57 [notice] 31#31: exit
2024/09/03 19:40:57 [notice] 33#33: exit
2024/09/03 19:40:57 [notice] 1#1: signal 17 (SIGCHLD) received from 32
2024/09/03 19:40:57 [notice] 1#1: worker process 30 exited with code 0
2024/09/03 19:40:57 [notice] 1#1: worker process 32 exited with code 0
2024/09/03 19:40:57 [notice] 1#1: signal 29 (SIGIO) received
2024/09/03 19:40:57 [notice] 1#1: signal 17 (SIGCHLD) received from 30
2024/09/03 19:40:57 [notice] 1#1: signal 17 (SIGCHLD) received from 33
2024/09/03 19:40:57 [notice] 1#1: worker process 33 exited with code 0
2024/09/03 19:40:57 [notice] 1#1: signal 29 (SIGIO) received
2024/09/03 19:40:57 [notice] 1#1: signal 17 (SIGCHLD) received from 31
2024/09/03 19:40:57 [notice] 1#1: worker process 31 exited with code 0
2024/09/03 19:40:57 [notice] 1#1: exit
2024/09/03 19:40:58 [notice] 1#1: using the "epoll" event method
2024/09/03 19:40:58 [notice] 1#1: nginx/1.25.5
2024/09/03 19:40:58 [notice] 1#1: built by gcc 12.2.0 (Debian 12.2.0-14) 
2024/09/03 19:40:58 [notice] 1#1: OS: Linux 5.15.0-106-generic
2024/09/03 19:40:58 [notice] 1#1: getrlimit(RLIMIT_NOFILE): 1048576:1048576
2024/09/03 19:40:58 [notice] 1#1: start worker processes
2024/09/03 19:40:58 [notice] 1#1: start worker process 22
2024/09/03 19:40:58 [notice] 1#1: start worker process 23
2024/09/03 19:40:58 [notice] 1#1: start worker process 24
2024/09/03 19:40:58 [notice] 1#1: start worker process 25
2024/09/03 19:43:07 [notice] 1#1: signal 3 (SIGQUIT) received, shutting down
2024/09/03 19:43:07 [notice] 23#23: gracefully shutting down
2024/09/03 19:43:07 [notice] 24#24: gracefully shutting down
2024/09/03 19:43:07 [notice] 22#22: gracefully shutting down
2024/09/03 19:43:07 [notice] 25#25: gracefully shutting down
2024/09/03 19:43:07 [notice] 23#23: exiting
2024/09/03 19:43:07 [notice] 24#24: exiting
2024/09/03 19:43:07 [notice] 22#22: exiting
2024/09/03 19:43:07 [notice] 25#25: exiting
2024/09/03 19:43:07 [notice] 23#23: exit
2024/09/03 19:43:07 [notice] 24#24: exit
2024/09/03 19:43:07 [notice] 22#22: exit
2024/09/03 19:43:07 [notice] 25#25: exit
2024/09/03 19:43:07 [notice] 1#1: signal 17 (SIGCHLD) received from 25
2024/09/03 19:43:07 [notice] 1#1: worker process 25 exited with code 0
2024/09/03 19:43:07 [notice] 1#1: signal 29 (SIGIO) received
2024/09/03 19:43:07 [notice] 1#1: signal 17 (SIGCHLD) received from 22
2024/09/03 19:43:07 [notice] 1#1: worker process 22 exited with code 0
2024/09/03 19:43:07 [notice] 1#1: signal 29 (SIGIO) received
2024/09/03 19:43:07 [notice] 1#1: signal 17 (SIGCHLD) received from 23
2024/09/03 19:43:07 [notice] 1#1: worker process 23 exited with code 0
2024/09/03 19:43:07 [notice] 1#1: signal 29 (SIGIO) received
2024/09/03 19:43:07 [notice] 1#1: signal 17 (SIGCHLD) received from 24
2024/09/03 19:43:07 [notice] 1#1: worker process 24 exited with code 0
2024/09/03 19:43:07 [notice] 1#1: exit
2024/09/03 19:43:08 [notice] 1#1: using the "epoll" event method
2024/09/03 19:43:08 [notice] 1#1: nginx/1.25.5
2024/09/03 19:43:08 [notice] 1#1: built by gcc 12.2.0 (Debian 12.2.0-14) 
2024/09/03 19:43:08 [notice] 1#1: OS: Linux 5.15.0-106-generic
2024/09/03 19:43:08 [notice] 1#1: getrlimit(RLIMIT_NOFILE): 1048576:1048576
2024/09/03 19:43:08 [notice] 1#1: start worker processes
2024/09/03 19:43:08 [notice] 1#1: start worker process 22
2024/09/03 19:43:08 [notice] 1#1: start worker process 23
2024/09/03 19:43:08 [notice] 1#1: start worker process 24
2024/09/03 19:43:08 [notice] 1#1: start worker process 25
